<?xml version="1.0" encoding="UTF-8"?>
<!-- Generated by org.testng.reporters.JUnitXMLReporter -->
<testsuite ignored="0" hostname="Tina_Gino" failures="0" tests="5" name="Test" time="75.627" errors="0" timestamp="2022-11-03T11:43:56 GMT-04:00">
  <testcase classname="Test.FourTest" name="fourtest" time="17.164"/>
  <testcase classname="Test.TwoTest" name="twotest" time="11.973"/>
  <testcase classname="Test.ThreeTest" name="threetest" time="11.586"/>
  <testcase classname="Test.LoginTest" name="Login" time="2.595"/>
  <testcase classname="Test.LoginTest" name="Login" time="11.867"/>
</testsuite> <!-- Test -->
