<?xml version="1.0" encoding="UTF-8"?>
<!-- Generated by org.testng.reporters.JUnitXMLReporter -->
<testsuite ignored="0" hostname="Tina_Gino" failures="0" tests="5" name="Test" time="46.55" errors="0" timestamp="2022-11-02T13:34:57 GMT-04:00">
  <testcase classname="Test.FourTest" name="fourtest" time="0.019"/>
  <testcase classname="Test.TwoTest" name="twotest" time="0.004"/>
  <testcase classname="Test.ThreeTest" name="threetest" time="0.0"/>
  <testcase classname="Test.LoginTest" name="Login" time="2.627"/>
  <testcase classname="Test.LoginTest" name="Login" time="12.221"/>
</testsuite> <!-- Test -->
