<?xml version="1.0" encoding="UTF-8"?>
<testng-results ignored="0" total="1" passed="1" failed="0" skipped="0">
  <reporter-output>
  </reporter-output>
  <suite started-at="2022-11-04T15:40:08 GMT-04:00" name="Suite" finished-at="2022-11-04T15:40:29 GMT-04:00" duration-ms="21266">
    <groups>
      <group name="cucumber">
        <method signature="AbstractTestNGCucumberTests.runScenario(io.cucumber.testng.PickleWrapper,io.cucumber.testng.FeatureWrapper)[pri:0, instance:Runner.runner@15043a2f]" name="runScenario" class="io.cucumber.testng.AbstractTestNGCucumberTests"/>
      </group> <!-- cucumber -->
    </groups>
    <test started-at="2022-11-04T15:40:08 GMT-04:00" name="LoginTest" finished-at="2022-11-04T15:40:29 GMT-04:00" duration-ms="21266">
      <class name="Runner.runner">
        <test-method is-config="true" signature="setUpClass(org.testng.ITestContext)[pri:0, instance:Runner.runner@15043a2f]" started-at="2022-11-04T15:40:08 GMT-04:00" name="setUpClass" finished-at="2022-11-04T15:40:08 GMT-04:00" duration-ms="758" status="PASS">
          <params>
            <param index="0">
              <value>
                <![CDATA[org.testng.TestRunner@12591ac8]]>
              </value>
            </param>
          </params>
          <reporter-output>
          </reporter-output>
        </test-method> <!-- setUpClass -->
        <test-method signature="runScenario(io.cucumber.testng.PickleWrapper,io.cucumber.testng.FeatureWrapper)[pri:0, instance:Runner.runner@15043a2f]" started-at="2022-11-04T15:40:08 GMT-04:00" name="runScenario" description="Runs Cucumber Scenarios" data-provider="scenarios" finished-at="2022-11-04T15:40:29 GMT-04:00" duration-ms="20369" status="PASS">
          <params>
            <param index="0">
              <value>
                <![CDATA["Login with valid credentials"]]>
              </value>
            </param>
            <param index="1">
              <value>
                <![CDATA["Application Login"]]>
              </value>
            </param>
          </params>
          <reporter-output>
          </reporter-output>
        </test-method> <!-- runScenario -->
        <test-method is-config="true" signature="tearDownClass()[pri:0, instance:Runner.runner@15043a2f]" started-at="2022-11-04T15:40:29 GMT-04:00" name="tearDownClass" finished-at="2022-11-04T15:40:29 GMT-04:00" duration-ms="23" status="PASS">
          <reporter-output>
          </reporter-output>
        </test-method> <!-- tearDownClass -->
      </class> <!-- Runner.runner -->
    </test> <!-- LoginTest -->
  </suite> <!-- Suite -->
</testng-results>
